07-20 03:38:48 com_github_MitjaNemec_ReplicateLayout.action_replicate_layout 295:Plugin executed on: 'darwin'
07-20 03:38:48 com_github_MitjaNemec_ReplicateLayout.action_replicate_layout 296:Plugin executed with python version: '3.8.2 (v3.8.2:7b3ab5921f, Feb 24 2020, 17:52:18) \n[Clang 6.0 (clang-600.0.57)]'
07-20 03:38:48 com_github_MitjaNemec_ReplicateLayout.action_replicate_layout 297:KiCad build version: (6.0.4-0)
07-20 03:38:48 com_github_MitjaNemec_ReplicateLayout.action_replicate_layout 298:Plugin version: 1.1.2
07-20 03:38:48 com_github_MitjaNemec_ReplicateLayout.action_replicate_layout 299:Frame repr: <wx._core.Frame object at 0x7fd2efc09c10>
07-20 03:38:48 com_github_MitjaNemec_ReplicateLayout.action_replicate_layout 323:Preparing replicator with J1 as a reference
07-20 03:38:48 com_github_MitjaNemec_ReplicateLayout.replicate_layout 98:getting a list of all footprints on board
07-20 03:38:48 com_github_MitjaNemec_ReplicateLayout.action_replicate_layout 351:source anchor footprint is 'J1'
Located on: ['pc070_aida_hdmi_rpc_hdmi_single']
With filenames: ['../pc070_aida_hdmi_rpc_hdmi_single/pc070_aida_hdmi_rpc_hdmi_single.kicad_sch']
With sheet_id:['pc070_aida_hdmi_rpc_hdmi_single']
07-20 03:38:48 com_github_MitjaNemec_ReplicateLayout.action_replicate_layout 358:Corresponding footprints are 
[('J9', ['pc070_aida_hdmi_rpc_hdmi_single5']), ('J3', ['pc070_aida_hdmi_rpc_hdmi_single1']), ('J1', ['pc070_aida_hdmi_rpc_hdmi_single']), ('J7', ['pc070_aida_hdmi_rpc_hdmi_single4']), ('J11', ['pc070_aida_hdmi_rpc_hdmi_single3']), ('J5', ['pc070_aida_hdmi_rpc_hdmi_single2'])]
07-20 03:38:48 com_github_MitjaNemec_ReplicateLayout.action_replicate_layout 370:Showing dialog
07-20 03:38:48 com_github_MitjaNemec_ReplicateLayout.action_replicate_layout 376:Toolbar position: wx.Point(1350, 108)
07-20 03:38:48 com_github_MitjaNemec_ReplicateLayout.action_replicate_layout 382:Dialog position: wx.Point(986, 108)
07-20 03:38:50 com_github_MitjaNemec_ReplicateLayout.replicate_layout 335:constructing a list of sheets suitable for replication on level:'pc070_aida_hdmi_rpc_hdmi_single', file:'../pc070_aida_hdmi_rpc_hdmi_single/pc070_aida_hdmi_rpc_hdmi_single.kicad_sch'
07-20 03:38:50 com_github_MitjaNemec_ReplicateLayout.replicate_layout 372:suitable sheets are:[['pc070_aida_hdmi_rpc_hdmi_single1'], ['pc070_aida_hdmi_rpc_hdmi_single2'], ['pc070_aida_hdmi_rpc_hdmi_single3'], ['pc070_aida_hdmi_rpc_hdmi_single4'], ['pc070_aida_hdmi_rpc_hdmi_single5']]
07-20 03:38:56 com_github_MitjaNemec_ReplicateLayout.replicate_layout 335:constructing a list of sheets suitable for replication on level:'pc070_aida_hdmi_rpc_hdmi_single', file:'../pc070_aida_hdmi_rpc_hdmi_single/pc070_aida_hdmi_rpc_hdmi_single.kicad_sch'
07-20 03:38:56 com_github_MitjaNemec_ReplicateLayout.replicate_layout 372:suitable sheets are:[['pc070_aida_hdmi_rpc_hdmi_single1'], ['pc070_aida_hdmi_rpc_hdmi_single2'], ['pc070_aida_hdmi_rpc_hdmi_single3'], ['pc070_aida_hdmi_rpc_hdmi_single4'], ['pc070_aida_hdmi_rpc_hdmi_single5']]
07-20 03:38:56 com_github_MitjaNemec_ReplicateLayout.action_replicate_layout 145:Replicating layout
07-20 03:38:56 com_github_MitjaNemec_ReplicateLayout.replicate_layout 146:Starting replication of sheets: [['pc070_aida_hdmi_rpc_hdmi_single1'], ['pc070_aida_hdmi_rpc_hdmi_single2'], ['pc070_aida_hdmi_rpc_hdmi_single3'], ['pc070_aida_hdmi_rpc_hdmi_single4'], ['pc070_aida_hdmi_rpc_hdmi_single5']]
on level: ['pc070_aida_hdmi_rpc_hdmi_single']
with tracks=True, zone=True, text=True, containing=True, remove=False, locked=False, by_group=False
07-20 03:38:56 root 235:updating GUI message: 'Preparing for replication'
07-20 03:38:56 root 240:updating GUI with: 0
07-20 03:38:56 com_github_MitjaNemec_ReplicateLayout.replicate_layout 215:Getting the list of source footprints
07-20 03:38:56 root 240:updating GUI with: 0
07-20 03:38:56 com_github_MitjaNemec_ReplicateLayout.replicate_layout 230:Getting the list of all the remaining footprints
07-20 03:38:56 com_github_MitjaNemec_ReplicateLayout.replicate_layout 235:Getting nets local to source footprints
07-20 03:38:56 com_github_MitjaNemec_ReplicateLayout.replicate_layout 238:Getting source bounding box
07-20 03:38:56 com_github_MitjaNemec_ReplicateLayout.replicate_layout 242:Getting source tracks
07-20 03:38:56 com_github_MitjaNemec_ReplicateLayout.replicate_layout 257:Getting source zones
07-20 03:38:56 root 240:updating GUI with: 62
07-20 03:38:56 com_github_MitjaNemec_ReplicateLayout.replicate_layout 266:Getting source text items
07-20 03:38:56 com_github_MitjaNemec_ReplicateLayout.replicate_layout 275:Getting source drawing items
07-20 03:38:56 root 235:updating GUI message: 'Replicating footprints'
07-20 03:38:56 com_github_MitjaNemec_ReplicateLayout.replicate_layout 669:Replicating footprints
07-20 03:38:56 root 240:updating GUI with: 0
07-20 03:38:56 com_github_MitjaNemec_ReplicateLayout.replicate_layout 675:Replicating footprints on sheet ['pc070_aida_hdmi_rpc_hdmi_single1']
07-20 03:38:56 root 240:updating GUI with: 20
07-20 03:38:56 com_github_MitjaNemec_ReplicateLayout.replicate_layout 675:Replicating footprints on sheet ['pc070_aida_hdmi_rpc_hdmi_single2']
07-20 03:38:56 root 240:updating GUI with: 40
07-20 03:38:56 com_github_MitjaNemec_ReplicateLayout.replicate_layout 675:Replicating footprints on sheet ['pc070_aida_hdmi_rpc_hdmi_single3']
07-20 03:38:56 com_github_MitjaNemec_ReplicateLayout.replicate_layout 675:Replicating footprints on sheet ['pc070_aida_hdmi_rpc_hdmi_single4']
07-20 03:38:56 root 240:updating GUI with: 80
07-20 03:38:56 com_github_MitjaNemec_ReplicateLayout.replicate_layout 675:Replicating footprints on sheet ['pc070_aida_hdmi_rpc_hdmi_single5']
07-20 03:38:56 root 240:updating GUI with: 100
07-20 03:38:56 root 235:updating GUI message: 'Replicating tracks'
07-20 03:38:56 root 240:updating GUI with: 0
07-20 03:38:56 com_github_MitjaNemec_ReplicateLayout.replicate_layout 835:Replicating tracks
07-20 03:38:56 root 240:updating GUI with: 0
07-20 03:38:56 com_github_MitjaNemec_ReplicateLayout.replicate_layout 841:Replicating tracks on sheet ['pc070_aida_hdmi_rpc_hdmi_single1']
07-20 03:38:56 root 240:updating GUI with: 0
07-20 03:38:56 com_github_MitjaNemec_ReplicateLayout.replicate_layout 841:Replicating tracks on sheet ['pc070_aida_hdmi_rpc_hdmi_single2']
07-20 03:38:56 root 240:updating GUI with: 20
07-20 03:38:56 root 240:updating GUI with: 30
07-20 03:38:56 com_github_MitjaNemec_ReplicateLayout.replicate_layout 841:Replicating tracks on sheet ['pc070_aida_hdmi_rpc_hdmi_single3']
07-20 03:38:56 root 240:updating GUI with: 54
07-20 03:38:56 root 240:updating GUI with: 56
07-20 03:38:56 com_github_MitjaNemec_ReplicateLayout.replicate_layout 841:Replicating tracks on sheet ['pc070_aida_hdmi_rpc_hdmi_single4']
07-20 03:38:56 com_github_MitjaNemec_ReplicateLayout.replicate_layout 841:Replicating tracks on sheet ['pc070_aida_hdmi_rpc_hdmi_single5']
07-20 03:38:56 root 240:updating GUI with: 80
07-20 03:38:56 root 240:updating GUI with: 90
07-20 03:38:56 root 240:updating GUI with: 99
07-20 03:38:56 root 235:updating GUI message: 'Replicating zones'
07-20 03:38:56 com_github_MitjaNemec_ReplicateLayout.replicate_layout 893:Replicating zones
07-20 03:38:56 root 240:updating GUI with: 0
07-20 03:38:56 com_github_MitjaNemec_ReplicateLayout.replicate_layout 900:Replicating zones on sheet ['pc070_aida_hdmi_rpc_hdmi_single1']
07-20 03:38:56 com_github_MitjaNemec_ReplicateLayout.replicate_layout 900:Replicating zones on sheet ['pc070_aida_hdmi_rpc_hdmi_single2']
07-20 03:38:56 com_github_MitjaNemec_ReplicateLayout.replicate_layout 900:Replicating zones on sheet ['pc070_aida_hdmi_rpc_hdmi_single3']
07-20 03:38:56 com_github_MitjaNemec_ReplicateLayout.replicate_layout 900:Replicating zones on sheet ['pc070_aida_hdmi_rpc_hdmi_single4']
07-20 03:38:56 root 240:updating GUI with: 80
07-20 03:38:56 com_github_MitjaNemec_ReplicateLayout.replicate_layout 900:Replicating zones on sheet ['pc070_aida_hdmi_rpc_hdmi_single5']
07-20 03:38:56 root 235:updating GUI message: 'Replicating text'
07-20 03:38:56 com_github_MitjaNemec_ReplicateLayout.replicate_layout 963:Replicating text
07-20 03:38:56 root 240:updating GUI with: 0
07-20 03:38:56 com_github_MitjaNemec_ReplicateLayout.replicate_layout 970:Replicating text on sheet ['pc070_aida_hdmi_rpc_hdmi_single1']
07-20 03:38:56 com_github_MitjaNemec_ReplicateLayout.replicate_layout 970:Replicating text on sheet ['pc070_aida_hdmi_rpc_hdmi_single2']
07-20 03:38:56 com_github_MitjaNemec_ReplicateLayout.replicate_layout 970:Replicating text on sheet ['pc070_aida_hdmi_rpc_hdmi_single3']
07-20 03:38:56 com_github_MitjaNemec_ReplicateLayout.replicate_layout 970:Replicating text on sheet ['pc070_aida_hdmi_rpc_hdmi_single4']
07-20 03:38:56 com_github_MitjaNemec_ReplicateLayout.replicate_layout 970:Replicating text on sheet ['pc070_aida_hdmi_rpc_hdmi_single5']
07-20 03:38:56 root 235:updating GUI message: 'Replicating drawings'
07-20 03:38:56 com_github_MitjaNemec_ReplicateLayout.replicate_layout 1003:Replicating drawings
07-20 03:38:56 com_github_MitjaNemec_ReplicateLayout.replicate_layout 1009:Replicating drawings on sheet ['pc070_aida_hdmi_rpc_hdmi_single1']
07-20 03:38:56 com_github_MitjaNemec_ReplicateLayout.replicate_layout 1009:Replicating drawings on sheet ['pc070_aida_hdmi_rpc_hdmi_single2']
07-20 03:38:56 com_github_MitjaNemec_ReplicateLayout.replicate_layout 1009:Replicating drawings on sheet ['pc070_aida_hdmi_rpc_hdmi_single3']
07-20 03:38:56 com_github_MitjaNemec_ReplicateLayout.replicate_layout 1009:Replicating drawings on sheet ['pc070_aida_hdmi_rpc_hdmi_single4']
07-20 03:38:56 com_github_MitjaNemec_ReplicateLayout.replicate_layout 1009:Replicating drawings on sheet ['pc070_aida_hdmi_rpc_hdmi_single5']
07-20 03:38:57 com_github_MitjaNemec_ReplicateLayout.action_replicate_layout 169:Replication complete
