Drill report for pc070_aida_hdmi_dp.kicad_pcb
Created on Thu 20 Oct 2022 17:48:11 BST

Copper Layer Stackup:
    =============================================================
    L1 :  F.Cu                      front
    L2 :  B.Cu                      back


Drill file 'pc070_aida_hdmi_dp-PTH.drl' contains
    plated through holes:
    =============================================================
    T1  0.400mm  0.0157"  (54 holes)
    T2  0.500mm  0.0197"  (72 holes)
    T3  0.800mm  0.0315"  (24 holes)  (with 24 slots)
    T4  0.900mm  0.0354"  (24 holes)  (with 24 slots)
    T5  3.200mm  0.1260"  (4 holes)

    Total plated holes count 178


Drill file 'pc070_aida_hdmi_dp-NPTH.drl' contains
    unplated through holes:
    =============================================================
    T1  1.400mm  0.0551"  (6 holes)

    Total unplated holes count 6
