10-20 16:01:25 com_github_MitjaNemec_ReplicateLayout.action_replicate_layout 303:Plugin executed on: 'linux'
10-20 16:01:25 com_github_MitjaNemec_ReplicateLayout.action_replicate_layout 304:Plugin executed with python version: '3.10.7 (main, Sep  7 2022, 00:00:00) [GCC 12.2.1 20220819 (Red Hat 12.2.1-1)]'
10-20 16:01:25 com_github_MitjaNemec_ReplicateLayout.action_replicate_layout 305:KiCad build version: 6.0.8-2.fc36
10-20 16:01:25 com_github_MitjaNemec_ReplicateLayout.action_replicate_layout 306:Plugin version: 1.2.1
10-20 16:01:25 com_github_MitjaNemec_ReplicateLayout.action_replicate_layout 307:Frame repr: <wx._core.Frame object at 0x7f372249fbe0>
10-20 16:01:25 com_github_MitjaNemec_ReplicateLayout.action_replicate_layout 331:Preparing replicator with J1 as a reference
10-20 16:01:25 com_github_MitjaNemec_ReplicateLayout.replicate_layout 106:getting a list of all footprints on board
10-20 16:01:25 com_github_MitjaNemec_ReplicateLayout.action_replicate_layout 359:source anchor footprint is 'J1'
Located on: ['pc070_aida_hdmi_dp_single']
With filenames: ['File: ../pc070_aida_hdmi_dp_single/pc070_aida_hdmi_dp_single.kicad_sch']
With sheet_id:['pc070_aida_hdmi_dp_single']
10-20 16:01:25 com_github_MitjaNemec_ReplicateLayout.action_replicate_layout 366:Corresponding footprints are 
[('J7', ['pc070_aida_hdmi_dp_single5']), ('J9', ['pc070_aida_hdmi_dp_single4']), ('J1', ['pc070_aida_hdmi_dp_single']), ('J3', ['pc070_aida_hdmi_dp_single1']), ('J5', ['pc070_aida_hdmi_dp_single2']), ('J11', ['pc070_aida_hdmi_dp_single3'])]
10-20 16:01:25 com_github_MitjaNemec_ReplicateLayout.action_replicate_layout 378:Showing dialog
10-20 16:01:25 com_github_MitjaNemec_ReplicateLayout.replicate_layout 344:constructing a list of sheets suitable for replication on level:'pc070_aida_hdmi_dp_single', file:'File: ../pc070_aida_hdmi_dp_single/pc070_aida_hdmi_dp_single.kicad_sch'
10-20 16:01:25 com_github_MitjaNemec_ReplicateLayout.replicate_layout 381:suitable sheets are:[['pc070_aida_hdmi_dp_single1'], ['pc070_aida_hdmi_dp_single2'], ['pc070_aida_hdmi_dp_single3'], ['pc070_aida_hdmi_dp_single4'], ['pc070_aida_hdmi_dp_single5']]
10-20 16:01:25 com_github_MitjaNemec_ReplicateLayout.replicate_layout 1112:Level selected: ['pc070_aida_hdmi_dp_single']
10-20 16:01:25 com_github_MitjaNemec_ReplicateLayout.action_replicate_layout 384:Toolbar position: wx.Point(3135, 140)
10-20 16:01:25 com_github_MitjaNemec_ReplicateLayout.action_replicate_layout 390:Dialog position: wx.Point(2771, 140)
10-20 16:01:31 com_github_MitjaNemec_ReplicateLayout.replicate_layout 344:constructing a list of sheets suitable for replication on level:'pc070_aida_hdmi_dp_single', file:'File: ../pc070_aida_hdmi_dp_single/pc070_aida_hdmi_dp_single.kicad_sch'
10-20 16:01:31 com_github_MitjaNemec_ReplicateLayout.replicate_layout 381:suitable sheets are:[['pc070_aida_hdmi_dp_single1'], ['pc070_aida_hdmi_dp_single2'], ['pc070_aida_hdmi_dp_single3'], ['pc070_aida_hdmi_dp_single4'], ['pc070_aida_hdmi_dp_single5']]
10-20 16:01:31 com_github_MitjaNemec_ReplicateLayout.action_replicate_layout 157:Replicating layout
10-20 16:01:31 com_github_MitjaNemec_ReplicateLayout.replicate_layout 154:Starting replication of sheets: [['pc070_aida_hdmi_dp_single1'], ['pc070_aida_hdmi_dp_single2'], ['pc070_aida_hdmi_dp_single3'], ['pc070_aida_hdmi_dp_single4'], ['pc070_aida_hdmi_dp_single5']]
on level: ['pc070_aida_hdmi_dp_single']
with tracks=True, zone=True, text=True, text=True, containing=True, remove=False, locked footprints=False, by_group=False
10-20 16:01:31 root 243:updating GUI message: 'Preparing for replication'
10-20 16:01:31 com_github_MitjaNemec_ReplicateLayout.replicate_layout 224:Getting the list of source footprints
10-20 16:01:31 root 248:updating GUI with: 0
10-20 16:01:31 com_github_MitjaNemec_ReplicateLayout.replicate_layout 239:Getting the list of all the remaining footprints
10-20 16:01:31 com_github_MitjaNemec_ReplicateLayout.replicate_layout 244:Getting nets local to source footprints
10-20 16:01:31 com_github_MitjaNemec_ReplicateLayout.replicate_layout 247:Getting source bounding box
10-20 16:01:31 com_github_MitjaNemec_ReplicateLayout.replicate_layout 251:Getting source tracks
10-20 16:01:31 com_github_MitjaNemec_ReplicateLayout.replicate_layout 266:Getting source zones
10-20 16:01:31 com_github_MitjaNemec_ReplicateLayout.replicate_layout 275:Getting source text items
10-20 16:01:31 com_github_MitjaNemec_ReplicateLayout.replicate_layout 284:Getting source drawing items
10-20 16:01:31 root 243:updating GUI message: 'Replicating footprints'
10-20 16:01:31 com_github_MitjaNemec_ReplicateLayout.replicate_layout 678:Replicating footprints
10-20 16:01:31 com_github_MitjaNemec_ReplicateLayout.replicate_layout 684:Replicating footprints on sheet ['pc070_aida_hdmi_dp_single1']
10-20 16:01:31 root 248:updating GUI with: 2
10-20 16:01:31 com_github_MitjaNemec_ReplicateLayout.replicate_layout 684:Replicating footprints on sheet ['pc070_aida_hdmi_dp_single2']
10-20 16:01:31 com_github_MitjaNemec_ReplicateLayout.replicate_layout 684:Replicating footprints on sheet ['pc070_aida_hdmi_dp_single3']
10-20 16:01:31 com_github_MitjaNemec_ReplicateLayout.replicate_layout 684:Replicating footprints on sheet ['pc070_aida_hdmi_dp_single4']
10-20 16:01:31 root 248:updating GUI with: 65
10-20 16:01:31 root 248:updating GUI with: 67
10-20 16:01:31 com_github_MitjaNemec_ReplicateLayout.replicate_layout 684:Replicating footprints on sheet ['pc070_aida_hdmi_dp_single5']
10-20 16:01:31 root 243:updating GUI message: 'Replicating tracks'
10-20 16:01:31 com_github_MitjaNemec_ReplicateLayout.replicate_layout 844:Replicating tracks
10-20 16:01:31 root 248:updating GUI with: 0
10-20 16:01:31 com_github_MitjaNemec_ReplicateLayout.replicate_layout 850:Replicating tracks on sheet ['pc070_aida_hdmi_dp_single1']
10-20 16:01:31 com_github_MitjaNemec_ReplicateLayout.replicate_layout 850:Replicating tracks on sheet ['pc070_aida_hdmi_dp_single2']
10-20 16:01:31 com_github_MitjaNemec_ReplicateLayout.replicate_layout 850:Replicating tracks on sheet ['pc070_aida_hdmi_dp_single3']
10-20 16:01:31 root 248:updating GUI with: 40
10-20 16:01:31 root 248:updating GUI with: 40
10-20 16:01:31 com_github_MitjaNemec_ReplicateLayout.replicate_layout 850:Replicating tracks on sheet ['pc070_aida_hdmi_dp_single4']
10-20 16:01:31 com_github_MitjaNemec_ReplicateLayout.replicate_layout 850:Replicating tracks on sheet ['pc070_aida_hdmi_dp_single5']
10-20 16:01:31 root 248:updating GUI with: 80
10-20 16:01:31 root 243:updating GUI message: 'Replicating zones'
10-20 16:01:31 com_github_MitjaNemec_ReplicateLayout.replicate_layout 909:Replicating zones
10-20 16:01:31 com_github_MitjaNemec_ReplicateLayout.replicate_layout 916:Replicating zones on sheet ['pc070_aida_hdmi_dp_single1']
10-20 16:01:31 root 248:updating GUI with: 20
10-20 16:01:31 com_github_MitjaNemec_ReplicateLayout.replicate_layout 916:Replicating zones on sheet ['pc070_aida_hdmi_dp_single2']
10-20 16:01:31 com_github_MitjaNemec_ReplicateLayout.replicate_layout 916:Replicating zones on sheet ['pc070_aida_hdmi_dp_single3']
10-20 16:01:31 com_github_MitjaNemec_ReplicateLayout.replicate_layout 916:Replicating zones on sheet ['pc070_aida_hdmi_dp_single4']
10-20 16:01:31 com_github_MitjaNemec_ReplicateLayout.replicate_layout 916:Replicating zones on sheet ['pc070_aida_hdmi_dp_single5']
10-20 16:01:31 root 243:updating GUI message: 'Replicating text'
10-20 16:01:31 com_github_MitjaNemec_ReplicateLayout.replicate_layout 985:Replicating text
10-20 16:01:31 root 248:updating GUI with: 0
10-20 16:01:31 com_github_MitjaNemec_ReplicateLayout.replicate_layout 992:Replicating text on sheet ['pc070_aida_hdmi_dp_single1']
10-20 16:01:31 com_github_MitjaNemec_ReplicateLayout.replicate_layout 992:Replicating text on sheet ['pc070_aida_hdmi_dp_single2']
10-20 16:01:31 com_github_MitjaNemec_ReplicateLayout.replicate_layout 992:Replicating text on sheet ['pc070_aida_hdmi_dp_single3']
10-20 16:01:31 com_github_MitjaNemec_ReplicateLayout.replicate_layout 992:Replicating text on sheet ['pc070_aida_hdmi_dp_single4']
10-20 16:01:31 com_github_MitjaNemec_ReplicateLayout.replicate_layout 992:Replicating text on sheet ['pc070_aida_hdmi_dp_single5']
10-20 16:01:31 root 243:updating GUI message: 'Replicating drawings'
10-20 16:01:31 com_github_MitjaNemec_ReplicateLayout.replicate_layout 1032:Replicating drawings
10-20 16:01:31 com_github_MitjaNemec_ReplicateLayout.replicate_layout 1038:Replicating drawings on sheet ['pc070_aida_hdmi_dp_single1']
10-20 16:01:31 com_github_MitjaNemec_ReplicateLayout.replicate_layout 1038:Replicating drawings on sheet ['pc070_aida_hdmi_dp_single2']
10-20 16:01:31 com_github_MitjaNemec_ReplicateLayout.replicate_layout 1038:Replicating drawings on sheet ['pc070_aida_hdmi_dp_single3']
10-20 16:01:31 com_github_MitjaNemec_ReplicateLayout.replicate_layout 1038:Replicating drawings on sheet ['pc070_aida_hdmi_dp_single4']
10-20 16:01:31 com_github_MitjaNemec_ReplicateLayout.replicate_layout 1038:Replicating drawings on sheet ['pc070_aida_hdmi_dp_single5']
10-20 16:01:31 com_github_MitjaNemec_ReplicateLayout.action_replicate_layout 177:Replication complete
